C51 COMPILER V9.60.7.0   KEYPAD4X4                                                         04/26/2023 22:49:28 PAGE 1   


C51 COMPILER V9.60.7.0, COMPILATION OF MODULE KEYPAD4X4
OBJECT MODULE PLACED IN .\Objects\Keypad4x4.obj
COMPILER INVOKED BY: C:\Keil_v5\C51\BIN\C51.EXE Keypad4x4.c OPTIMIZE(8,SPEED) BROWSE DEBUG OBJECTEXTEND PRINT(.\Listings
                    -\Keypad4x4.lst) TABS(2) OBJECT(.\Objects\Keypad4x4.obj)

line level    source

   1          #include <REGX51.H>
   2          #include "Keypad4x4.h"
   3          #include "delay.h"
   4          #include "lcd.h"
   5          //Khai bao chan quet nut nhan
   6          #define col0  P2_0  //cot
   7          #define col1  P2_1
   8          #define col2  P2_2
   9          #define col3  P2_3
  10          #define row0  P2_4  //hang
  11          #define row1  P2_5
  12          #define row2  P2_6
  13          #define row3  P2_7
  14          
  15          unsigned char check_but(){                           //Kiem tra nut nhan
  16   1        row0=row1=row2=row3=0;
  17   1        if(!col0 || !col1 || !col2 || !col3 )return 1;
  18   1        return 0;
  19   1      }
  20          void scan_row(unsigned char r){                         //Quet hang
  21   1        row0=row1=row2=row3=1;
  22   1        if(r==0)row0=0;
  23   1        else if(r==1)row1=0;
  24   1        else if(r==2)row2=0;
  25   1        else if(r==3)row3=0;
  26   1      }
  27          unsigned char check_col(){ //Kiem tra cot
  28   1        unsigned char c=0;
  29   1        if(!col0)c=1;
  30   1        else if(!col1)c=2;
  31   1        else if(!col2)c=3;
  32   1        else if(!col3)c=4;
  33   1        return c;
  34   1      }
  35          unsigned char get_key(){                                           //Ham tra ve vi tri nut 1-16, =0 la kho
             -ng nhan
  36   1        unsigned char row,col;
  37   1          if(check_but())
  38   1          {
  39   2            delay_ms(10);
  40   2            if(check_but()){         
  41   3               for(row=0;row<4;row++){            
  42   4                  scan_row(row);                                           //Quet hang
  43   4            col=check_col();                                               //Lay vi tri cot
  44   4            if(col>0)return ((row*4)+col);                                 //Tra ve vi tri nut duoc nhan
  45   4               }      
  46   3            }
  47   2         }
  48   1         return 0;                                                           //Khong co nut nao duoc nhan hoac n
             -ut da nha    
  49   1      }
  50          unsigned char code ma_nut[16]={                       //Khai bao mang nut nhan
  51            '7','8','9',':',
  52            '4','5','6','x',
C51 COMPILER V9.60.7.0   KEYPAD4X4                                                         04/26/2023 22:49:28 PAGE 2   

  53            '1','2','3','-',
  54            'C','0','=','+'
  55          };
  56          void show_button(unsigned char key){
  57   1         //lcd_DisplayString("Key  ");
  58   1         lcd_Writedata(ma_nut[key-1]);                 //Xuat ra vi tri nut nhan
  59   1      }
  60          void num_generator(int key, int *OperandPointer)
  61          {
  62   1        char digitchar = ma_nut[key-1];
  63   1        int digit;
  64   1        digit = digitchar - '0';
  65   1        *OperandPointer = digit + ((*OperandPointer)*10);
  66   1      }


MODULE INFORMATION:   STATIC OVERLAYABLE
   CODE SIZE        =    198    ----
   CONSTANT SIZE    =     16    ----
   XDATA SIZE       =   ----    ----
   PDATA SIZE       =   ----    ----
   DATA SIZE        =   ----       2
   IDATA SIZE       =   ----    ----
   BIT SIZE         =   ----    ----
END OF MODULE INFORMATION.


C51 COMPILATION COMPLETE.  0 WARNING(S),  0 ERROR(S)
